0 info it worked if it ends with ok
1 verbose cli [ 'E:\\node.js6\\node.exe',
1 verbose cli   'E:\\node.js6\\node_modules\\npm\\bin\\npm-cli.js',
1 verbose cli   'start' ]
2 info using npm@3.10.8
3 info using node@v6.9.1
4 verbose run-script [ 'prestart', 'start', 'poststart' ]
5 info lifecycle bisai@0.0.0~prestart: bisai@0.0.0
6 silly lifecycle bisai@0.0.0~prestart: no script for prestart, continuing
7 info lifecycle bisai@0.0.0~start: bisai@0.0.0
8 verbose lifecycle bisai@0.0.0~start: unsafe-perm in lifecycle true
9 verbose lifecycle bisai@0.0.0~start: PATH: E:\node.js6\node_modules\npm\bin\node-gyp-bin;E:\node.js\bisai\node_modules\.bin;C:\Users\lenovo\AppData\Roaming\npm;E:\node.js6\;C:\ProgramData\Oracle\Java\javapath;E:\node.js;E:\ROSE\common;;C:\windows\system32;C:\windows;C:\windows\System32\Wbem;E:\node\Git\cmd;E:\node.js6\;C:\Ruby22-x64\bin;C:\Ruby22\bin;F:\szdl\modelsim_ae\win32aloem;E:\apache-maven-3.3.3-src\apache-maven-3.3.3\bin;E:\node\Git\cmd;C:\Users\lenovo\AppData\Roaming\npm
10 verbose lifecycle bisai@0.0.0~start: CWD: E:\node.js\bisai
11 silly lifecycle bisai@0.0.0~start: Args: [ '/d /s /c', 'node ./bin/www' ]
12 verbose stack Error: kill ENOSYS
12 verbose stack     at exports._errnoException (util.js:1026:11)
12 verbose stack     at process.kill (internal/process.js:172:13)
12 verbose stack     at process.listener (E:\node.js6\node_modules\npm\node_modules\npmlog\node_modules\gauge\node_modules\signal-exit\index.js:86:15)
12 verbose stack     at emitNone (events.js:91:20)
12 verbose stack     at process.emit (events.js:185:7)
12 verbose stack     at processEmit (E:\node.js6\node_modules\npm\node_modules\npmlog\node_modules\gauge\node_modules\signal-exit\index.js:146:32)
12 verbose stack     at processEmit (E:\node.js6\node_modules\npm\node_modules\npm-registry-client\node_modules\npmlog\node_modules\gauge\node_modules\signal-exit\index.js:146:32)
12 verbose stack     at Signal.wrap.onsignal (internal/process.js:199:44)
13 verbose cwd E:\node.js\bisai
14 error Windows_NT 6.3.9600
15 error argv "E:\\node.js6\\node.exe" "E:\\node.js6\\node_modules\\npm\\bin\\npm-cli.js" "start"
16 error node v6.9.1
17 error npm  v3.10.8
18 error code ENOSYS
19 error errno ENOSYS
20 error syscall kill
21 error kill ENOSYS
22 error If you need help, you may report this error at:
22 error     <https://github.com/npm/npm/issues>
23 verbose exit [ 1, true ]
